#
# A fatal error has been detected by the Java Runtime Environment:
#
#  SIGSEGV (0xb) at pc=0x000000010e489bac, pid=24262, tid=0x0000000000002f03
#
# JRE version: Java(TM) SE Runtime Environment (8.0_211-b12) (build 1.8.0_211-b12)
# Java VM: Java HotSpot(TM) 64-Bit Server VM (25.211-b12 mixed mode bsd-amd64 compressed oops)
# Problematic frame:
# V  [libjvm.dylib+0x289bac]
#
# Failed to write core dump. Core dumps have been disabled. To enable core dumping, try "ulimit -c unlimited" before starting Java again
#
# If you would like to submit a bug report, please visit:
#   http://bugreport.java.com/bugreport/crash.jsp
#

---------------  T H R E A D  ---------------

Current thread (0x00007f81c982e000):  VMThread [stack: 0x0000700003ac4000,0x0000700003bc4000] [id=12035]

siginfo: si_signo: 11 (SIGSEGV), si_code: 0 (unknown), si_addr: 0x0000000000000000

Registers:
RAX=0x005bb60002e7005a, RBX=0x00000000000005bb, RCX=0x000000000000000b, RDX=0x0000000000000000
RSP=0x0000700003bc34e0, RBP=0x0000700003bc3530, RSI=0x000000000000ca12, RDI=0x0000000111009428
R8 =0x00000000000005bb, R9 =0x000000008a000000, R10=0x000000000000005f, R11=0xfffffffffffff954
R12=0x0000700003bc36f8, R13=0x0000000111009428, R14=0x0000000000000000, R15=0x0000000000000001
RIP=0x000000010e489bac, EFLAGS=0x0000000000010207, ERR=0x0000000000000000
  TRAPNO=0x000000000000000d

Top of Stack: (sp=0x0000700003bc34e0)
0x0000700003bc34e0:   0000700003bc3500 000000010e7ae166
0x0000700003bc34f0:   0000700003bc3548 0000700003bc36f8
0x0000700003bc3500:   0000700003bc3530 00007f81cd99a108
0x0000700003bc3510:   0000700003bc3548 000000011100d6d0
0x0000700003bc3520:   0000700003bc36f8 000000000000065c
0x0000700003bc3530:   0000700003bc35b0 000000010e48b608
0x0000700003bc3540:   0000700003bc35e0 0000700003bc3580
0x0000700003bc3550:   000000011100d6d0 00007f81c982e000
0x0000700003bc3560:   000005be000005bb 000000b40000065c
0x0000700003bc3570:   000000b403bc0000 000000011100d6d0
0x0000700003bc3580:   00007f81c982e000 000000011100d6d0
0x0000700003bc3590:   0000700003bc36f8 000000011100d6d0
0x0000700003bc35a0:   0000000000000013 0000000000000320
0x0000700003bc35b0:   0000700003bc35e0 000000010e48b857
0x0000700003bc35c0:   0000700003bc35e0 0000700003bc36f8
0x0000700003bc35d0:   0000700003bc36f8 000000011100d6d0
0x0000700003bc35e0:   0000700003bc3600 000000010e48bdee
0x0000700003bc35f0:   0000700003bc36f8 00007f81c982e000
0x0000700003bc3600:   0000700003bc3690 000000010e48c207
0x0000700003bc3610:   000000010e830000 0000000000000000
0x0000700003bc3620:   00007f81c9807730 0000000000000000
0x0000700003bc3630:   0000000000000100 0000700003bc0100
0x0000700003bc3640:   0000000000000000 00007fff7c145b03
0x0000700003bc3650:   0000000000000000 0000700003bc3c28
0x0000700003bc3660:   000000011100d6d0 00007f81c982e000
0x0000700003bc3670:   000000011100d6d0 0000700003bc36f8
0x0000700003bc3680:   00007f81c982e000 00007f81ca410300
0x0000700003bc3690:   0000700003bc36e0 000000010e6861f5
0x0000700003bc36a0:   00007f81c8e0d8c0 00007f81c8d16080
0x0000700003bc36b0:   00007f81c8d16090 00007f81c8d16468
0x0000700003bc36c0:   00000000000003d8 000000000000055a
0x0000700003bc36d0:   0000700003bc3888 00007f81ca410300 

Instructions: (pc=0x000000010e489bac)
0x000000010e489b8c:   68 08 31 d2 4c 89 ef 89 ce e8 be 8b f5 ff 4c 89
0x000000010e489b9c:   ef 89 c6 e8 9c 8a f5 ff 48 63 c0 49 8b 44 c5 50
0x000000010e489bac:   8a 40 08 3c 5a 7f 2b 3c 44 74 1e 3c 4a 74 1a 3c
0x000000010e489bbc:   4c 74 23 3c 56 48 8d 05 d8 cc 68 00 48 8d 1d e1 

Register to memory mapping:

RAX=0x005bb60002e7005a is an unknown value
RBX=0x00000000000005bb is an unknown value
RCX=0x000000000000000b is an unknown value
RDX=0x0000000000000000 is an unknown value
RSP=0x0000700003bc34e0 is an unknown value
RBP=0x0000700003bc3530 is an unknown value
RSI=0x000000000000ca12 is an unknown value
RDI=0x0000000111009428 is pointing into metadata
R8 =0x00000000000005bb is an unknown value
R9 =0x000000008a000000 is an unknown value
R10=0x000000000000005f is an unknown value
R11=0xfffffffffffff954 is an unknown value
R12=0x0000700003bc36f8 is an unknown value
R13=0x0000000111009428 is pointing into metadata
R14=0x0000000000000000 is an unknown value
R15=0x0000000000000001 is an unknown value


Stack: [0x0000700003ac4000,0x0000700003bc4000],  sp=0x0000700003bc34e0,  free space=1021k
Native frames: (J=compiled Java code, j=interpreted, Vv=VM code, C=native code)
V  [libjvm.dylib+0x289bac]
V  [libjvm.dylib+0x28b608]
V  [libjvm.dylib+0x28b857]
V  [libjvm.dylib+0x28bdee]
V  [libjvm.dylib+0x28c207]
V  [libjvm.dylib+0x4861f5]
V  [libjvm.dylib+0x4863fe]
V  [libjvm.dylib+0x4865df]
V  [libjvm.dylib+0x486896]
V  [libjvm.dylib+0x2c3b34]
V  [libjvm.dylib+0x453f21]
V  [libjvm.dylib+0x39c033]
V  [libjvm.dylib+0x5be615]
V  [libjvm.dylib+0x5bcbad]
V  [libjvm.dylib+0x5bcffa]
V  [libjvm.dylib+0x5bc919]
V  [libjvm.dylib+0x48f30a]
C  [libsystem_pthread.dylib+0x32eb]  _pthread_body+0x7e
C  [libsystem_pthread.dylib+0x6249]  _pthread_start+0x42
C  [libsystem_pthread.dylib+0x240d]  thread_start+0xd

VM_Operation (0x0000700003fcf978): GetOrSetLocal, mode: safepoint, requested by thread 0x00007f81cc002800


---------------  P R O C E S S  ---------------

Java Threads: ( => current thread )
  0x00007f81c9047800 JavaThread "Exec Stream Pumper" daemon [_thread_in_native, id=25091, stack(0x0000700005131000,0x0000700005231000)]
  0x00007f81c9046800 JavaThread "Exec Stream Pumper" daemon [_thread_in_native, id=24579, stack(0x000070000502e000,0x000070000512e000)]
  0x00007f81cc023800 JavaThread "Exec Default Executor" daemon [_thread_blocked, id=4359, stack(0x0000700004d25000,0x0000700004e25000)]
  0x00007f81caa4f800 JavaThread "process reaper" daemon [_thread_in_native, id=40967, stack(0x00007000030a3000,0x00007000030cb000)]
  0x00007f81c9cf7800 JavaThread "Okio Watchdog" daemon [_thread_blocked, id=24323, stack(0x0000700004f2b000,0x000070000502b000)]
  0x00007f81cb029000 JavaThread "Exec Stream Pumper" daemon [_thread_in_native, id=23555, stack(0x0000700004c22000,0x0000700004d22000)]
  0x00007f81cb894800 JavaThread "Exec Stream Pumper" daemon [_thread_in_native, id=41475, stack(0x0000700004b1f000,0x0000700004c1f000)]
  0x00007f81c9cea800 JavaThread "process reaper" daemon [_thread_in_native, id=23299, stack(0x0000700004af4000,0x0000700004b1c000)]
  0x00007f81caa22000 JavaThread "Exec Default Executor" daemon [_thread_blocked, id=42243, stack(0x00007000048ee000,0x00007000049ee000)]
  0x00007f81c91b7800 JavaThread "ReaderThread" [_thread_in_native, id=22531, stack(0x00007000047eb000,0x00007000048eb000)]
  0x00007f81c904e800 JavaThread "Service Thread" daemon [_thread_blocked, id=22019, stack(0x00007000045e5000,0x00007000046e5000)]
  0x00007f81c9844000 JavaThread "C1 CompilerThread3" daemon [_thread_blocked, id=21763, stack(0x00007000044e2000,0x00007000045e2000)]
  0x00007f81c9845000 JavaThread "C2 CompilerThread2" daemon [_thread_blocked, id=16387, stack(0x00007000043df000,0x00007000044df000)]
  0x00007f81c902b000 JavaThread "C2 CompilerThread1" daemon [_thread_blocked, id=15619, stack(0x00007000042dc000,0x00007000043dc000)]
  0x00007f81ca832000 JavaThread "C2 CompilerThread0" daemon [_thread_blocked, id=15363, stack(0x00007000041d9000,0x00007000042d9000)]
  0x00007f81c902a000 JavaThread "JDWP Command Reader" daemon [_thread_in_native, id=16899, stack(0x00007000040d6000,0x00007000041d6000)]
  0x00007f81cc003800 JavaThread "JDWP Event Helper Thread" daemon [_thread_blocked, id=14595, stack(0x0000700003fd3000,0x00007000040d3000)]
  0x00007f81cc002800 JavaThread "JDWP Transport Listener: dt_socket" daemon [_thread_blocked, id=17415, stack(0x0000700003ed0000,0x0000700003fd0000)]
  0x00007f81c983b800 JavaThread "Signal Dispatcher" daemon [_thread_blocked, id=14083, stack(0x0000700003dcd000,0x0000700003ecd000)]
  0x00007f81ca807000 JavaThread "Finalizer" daemon [_thread_blocked, id=18947, stack(0x0000700003cca000,0x0000700003dca000)]
  0x00007f81ca806800 JavaThread "Reference Handler" daemon [_thread_blocked, id=19203, stack(0x0000700003bc7000,0x0000700003cc7000)]
  0x00007f81c9000800 JavaThread "main" [_thread_blocked, id=9731, stack(0x00007000031a9000,0x00007000032a9000)]

Other Threads:
=>0x00007f81c982e000 VMThread [stack: 0x0000700003ac4000,0x0000700003bc4000] [id=12035]
  0x00007f81c9028800 WatcherThread [stack: 0x00007000046e8000,0x00007000047e8000] [id=22275]

VM state:at safepoint (normal execution)

VM Mutex/Monitor currently owned by a thread:  ([mutex/lock_event])
[0x00007f81c8e045f0] Threads_lock - owner thread: 0x00007f81c982e000

heap address: 0x00000006c0000000, size: 4096 MB, Compressed Oops mode: Zero based, Oop shift amount: 3
Narrow klass base: 0x0000000000000000, Narrow klass shift: 3
Compressed class space size: 1073741824 Address: 0x00000007c0000000

Heap:
 PSYoungGen      total 48640K, used 37681K [0x000000076ab00000, 0x000000076df00000, 0x00000007c0000000)
  eden space 45056K, 80% used [0x000000076ab00000,0x000000076ce5ed08,0x000000076d700000)
  from space 3584K, 40% used [0x000000076db80000,0x000000076dceda40,0x000000076df00000)
  to   space 4096K, 0% used [0x000000076d700000,0x000000076d700000,0x000000076db00000)
 ParOldGen       total 120320K, used 12531K [0x00000006c0000000, 0x00000006c7580000, 0x000000076ab00000)
  object space 120320K, 10% used [0x00000006c0000000,0x00000006c0c3cf90,0x00000006c7580000)
 Metaspace       used 22793K, capacity 23359K, committed 23600K, reserved 1071104K
  class space    used 2549K, capacity 2739K, committed 2864K, reserved 1048576K

Card table byte_map: [0x000000010f579000,0x000000010fd7a000] byte_map_base: 0x000000010bf79000

Marking Bits: (ParMarkBitMap*) 0x000000010eafbe40
 Begin Bits: [0x0000000121234000, 0x0000000125234000)
 End Bits:   [0x0000000125234000, 0x0000000129234000)

Polling page: 0x000000010d058000

CodeCache: size=245760Kb used=10853Kb max_used=11290Kb free=234906Kb
 bounds [0x0000000112234000, 0x0000000112d64000, 0x0000000121234000]
 total_blobs=3435 nmethods=3018 adapters=338
 compilation: enabled

Compilation events (10 events):
Event: 243.667 Thread 0x00007f81c9844000 3476       3       org.openqa.selenium.NoSuchElementException::<init> (6 bytes)
Event: 243.668 Thread 0x00007f81c9844000 nmethod 3476 0x000000011281a990 code [0x000000011281ab40, 0x000000011281b008]
Event: 245.230 Thread 0x00007f81c902b000 3478       4       com.google.common.collect.RegularImmutableMultiset::elementSet (28 bytes)
Event: 245.230 Thread 0x00007f81ca832000 3477       4       com.google.common.collect.ImmutableMultiset$EntrySet::size (11 bytes)
Event: 245.230 Thread 0x00007f81c9845000 3479       4       com.google.common.collect.RegularImmutableMultiset$ElementSet::size (9 bytes)
Event: 245.231 Thread 0x00007f81c9845000 nmethod 3479 0x00000001125203d0 code [0x0000000112520520, 0x00000001125205f8]
Event: 245.231 Thread 0x00007f81c902b000 nmethod 3478 0x0000000112520f10 code [0x0000000112521060, 0x0000000112521188]
Event: 245.231 Thread 0x00007f81ca832000 nmethod 3477 0x00000001125b1490 code [0x00000001125b1620, 0x00000001125b1848]
Event: 247.289 Thread 0x00007f81c9844000 3480       3       org.openqa.selenium.support.ui.Sleeper$1::sleep (11 bytes)
Event: 247.289 Thread 0x00007f81c9844000 nmethod 3480 0x0000000112698690 code [0x0000000112698820, 0x0000000112698b78]

GC Heap History (10 events):
Event: 193.448 GC heap before
{Heap before GC invocations=33 (full 1):
 PSYoungGen      total 49152K, used 48979K [0x000000076ab00000, 0x000000076e280000, 0x00000007c0000000)
  eden space 47616K, 100% used [0x000000076ab00000,0x000000076d980000,0x000000076d980000)
  from space 1536K, 88% used [0x000000076da00000,0x000000076db54ff0,0x000000076db80000)
  to   space 4608K, 0% used [0x000000076de00000,0x000000076de00000,0x000000076e280000)
 ParOldGen       total 120320K, used 12499K [0x00000006c0000000, 0x00000006c7580000, 0x000000076ab00000)
  object space 120320K, 10% used [0x00000006c0000000,0x00000006c0c34f90,0x00000006c7580000)
 Metaspace       used 22460K, capacity 22993K, committed 23216K, reserved 1069056K
  class space    used 2521K, capacity 2704K, committed 2736K, reserved 1048576K
Event: 193.450 GC heap after
Heap after GC invocations=33 (full 1):
 PSYoungGen      total 51200K, used 1596K [0x000000076ab00000, 0x000000076e200000, 0x00000007c0000000)
  eden space 47104K, 0% used [0x000000076ab00000,0x000000076ab00000,0x000000076d900000)
  from space 4096K, 38% used [0x000000076de00000,0x000000076df8f318,0x000000076e200000)
  to   space 4608K, 0% used [0x000000076d900000,0x000000076d900000,0x000000076dd80000)
 ParOldGen       total 120320K, used 12515K [0x00000006c0000000, 0x00000006c7580000, 0x000000076ab00000)
  object space 120320K, 10% used [0x00000006c0000000,0x00000006c0c38f90,0x00000006c7580000)
 Metaspace       used 22460K, capacity 22993K, committed 23216K, reserved 1069056K
  class space    used 2521K, capacity 2704K, committed 2736K, reserved 1048576K
}
Event: 204.038 GC heap before
{Heap before GC invocations=34 (full 1):
 PSYoungGen      total 51200K, used 48700K [0x000000076ab00000, 0x000000076e200000, 0x00000007c0000000)
  eden space 47104K, 100% used [0x000000076ab00000,0x000000076d900000,0x000000076d900000)
  from space 4096K, 38% used [0x000000076de00000,0x000000076df8f318,0x000000076e200000)
  to   space 4608K, 0% used [0x000000076d900000,0x000000076d900000,0x000000076dd80000)
 ParOldGen       total 120320K, used 12515K [0x00000006c0000000, 0x00000006c7580000, 0x000000076ab00000)
  object space 120320K, 10% used [0x00000006c0000000,0x00000006c0c38f90,0x00000006c7580000)
 Metaspace       used 22691K, capacity 23295K, committed 23600K, reserved 1071104K
  class space    used 2547K, capacity 2739K, committed 2864K, reserved 1048576K
Event: 204.039 GC heap after
Heap after GC invocations=34 (full 1):
 PSYoungGen      total 48128K, used 1438K [0x000000076ab00000, 0x000000076e180000, 0x00000007c0000000)
  eden space 46592K, 0% used [0x000000076ab00000,0x000000076ab00000,0x000000076d880000)
  from space 1536K, 93% used [0x000000076d900000,0x000000076da67820,0x000000076da80000)
  to   space 4608K, 0% used [0x000000076dd00000,0x000000076dd00000,0x000000076e180000)
 ParOldGen       total 120320K, used 12531K [0x00000006c0000000, 0x00000006c7580000, 0x000000076ab00000)
  object space 120320K, 10% used [0x00000006c0000000,0x00000006c0c3cf90,0x00000006c7580000)
 Metaspace       used 22691K, capacity 23295K, committed 23600K, reserved 1071104K
  class space    used 2547K, capacity 2739K, committed 2864K, reserved 1048576K
}
Event: 212.451 GC heap before
{Heap before GC invocations=35 (full 1):
 PSYoungGen      total 48128K, used 48030K [0x000000076ab00000, 0x000000076e180000, 0x00000007c0000000)
  eden space 46592K, 100% used [0x000000076ab00000,0x000000076d880000,0x000000076d880000)
  from space 1536K, 93% used [0x000000076d900000,0x000000076da67820,0x000000076da80000)
  to   space 4608K, 0% used [0x000000076dd00000,0x000000076dd00000,0x000000076e180000)
 ParOldGen       total 120320K, used 12531K [0x00000006c0000000, 0x00000006c7580000, 0x000000076ab00000)
  object space 120320K, 10% used [0x00000006c0000000,0x00000006c0c3cf90,0x00000006c7580000)
 Metaspace       used 22693K, capacity 23295K, committed 23600K, reserved 1071104K
  class space    used 2547K, capacity 2739K, committed 2864K, reserved 1048576K
Event: 212.453 GC heap after
Heap after GC invocations=35 (full 1):
 PSYoungGen      total 49152K, used 1462K [0x000000076ab00000, 0x000000076e000000, 0x00000007c0000000)
  eden space 46080K, 0% used [0x000000076ab00000,0x000000076ab00000,0x000000076d800000)
  from space 3072K, 47% used [0x000000076dd00000,0x000000076de6da40,0x000000076e000000)
  to   space 4096K, 0% used [0x000000076d800000,0x000000076d800000,0x000000076dc00000)
 ParOldGen       total 120320K, used 12531K [0x00000006c0000000, 0x00000006c7580000, 0x000000076ab00000)
  object space 120320K, 10% used [0x00000006c0000000,0x00000006c0c3cf90,0x00000006c7580000)
 Metaspace       used 22693K, capacity 23295K, committed 23600K, reserved 1071104K
  class space    used 2547K, capacity 2739K, committed 2864K, reserved 1048576K
}
Event: 227.379 GC heap before
{Heap before GC invocations=36 (full 1):
 PSYoungGen      total 49152K, used 47542K [0x000000076ab00000, 0x000000076e000000, 0x00000007c0000000)
  eden space 46080K, 100% used [0x000000076ab00000,0x000000076d800000,0x000000076d800000)
  from space 3072K, 47% used [0x000000076dd00000,0x000000076de6da40,0x000000076e000000)
  to   space 4096K, 0% used [0x000000076d800000,0x000000076d800000,0x000000076dc00000)
 ParOldGen       total 120320K, used 12531K [0x00000006c0000000, 0x00000006c7580000, 0x000000076ab00000)
  object space 120320K, 10% used [0x00000006c0000000,0x00000006c0c3cf90,0x00000006c7580000)
 Metaspace       used 22694K, capacity 23295K, committed 23600K, reserved 1071104K
  class space    used 2547K, capacity 2739K, committed 2864K, reserved 1048576K
Event: 227.381 GC heap after
Heap after GC invocations=36 (full 1):
 PSYoungGen      total 47104K, used 1310K [0x000000076ab00000, 0x000000076df80000, 0x00000007c0000000)
  eden space 45568K, 0% used [0x000000076ab00000,0x000000076ab00000,0x000000076d780000)
  from space 1536K, 85% used [0x000000076d800000,0x000000076d947a48,0x000000076d980000)
  to   space 4096K, 0% used [0x000000076db80000,0x000000076db80000,0x000000076df80000)
 ParOldGen       total 120320K, used 12531K [0x00000006c0000000, 0x00000006c7580000, 0x000000076ab00000)
  object space 120320K, 10% used [0x00000006c0000000,0x00000006c0c3cf90,0x00000006c7580000)
 Metaspace       used 22694K, capacity 23295K, committed 23600K, reserved 1071104K
  class space    used 2547K, capacity 2739K, committed 2864K, reserved 1048576K
}
Event: 233.586 GC heap before
{Heap before GC invocations=37 (full 1):
 PSYoungGen      total 47104K, used 46878K [0x000000076ab00000, 0x000000076df80000, 0x00000007c0000000)
  eden space 45568K, 100% used [0x000000076ab00000,0x000000076d780000,0x000000076d780000)
  from space 1536K, 85% used [0x000000076d800000,0x000000076d947a48,0x000000076d980000)
  to   space 4096K, 0% used [0x000000076db80000,0x000000076db80000,0x000000076df80000)
 ParOldGen       total 120320K, used 12531K [0x00000006c0000000, 0x00000006c7580000, 0x000000076ab00000)
  object space 120320K, 10% used [0x00000006c0000000,0x00000006c0c3cf90,0x00000006c7580000)
 Metaspace       used 22699K, capacity 23295K, committed 23600K, reserved 1071104K
  class space    used 2547K, capacity 2739K, committed 2864K, reserved 1048576K
Event: 233.587 GC heap after
Heap after GC invocations=37 (full 1):
 PSYoungGen      total 48640K, used 1462K [0x000000076ab00000, 0x000000076df00000, 0x00000007c0000000)
  eden space 45056K, 0% used [0x000000076ab00000,0x000000076ab00000,0x000000076d700000)
  from space 3584K, 40% used [0x000000076db80000,0x000000076dceda40,0x000000076df00000)
  to   space 4096K, 0% used [0x000000076d700000,0x000000076d700000,0x000000076db00000)
 ParOldGen       total 120320K, used 12531K [0x00000006c0000000, 0x00000006c7580000, 0x000000076ab00000)
  object space 120320K, 10% used [0x00000006c0000000,0x00000006c0c3cf90,0x00000006c7580000)
 Metaspace       used 22699K, capacity 23295K, committed 23600K, reserved 1071104K
  class space    used 2547K, capacity 2739K, committed 2864K, reserved 1048576K
}

Deoptimization events (10 events):
Event: 253.983 Thread 0x00007f81c9000800 Uncommon trap: reason=unhandled action=none pc=0x0000000112d4eed8 method=java.lang.Class.getMethod(Ljava/lang/String;[Ljava/lang/Class;)Ljava/lang/reflect/Method; @ 61
Event: 254.848 Thread 0x00007f81c9000800 Uncommon trap: reason=unhandled action=none pc=0x0000000112d4eed8 method=java.lang.Class.getMethod(Ljava/lang/String;[Ljava/lang/Class;)Ljava/lang/reflect/Method; @ 61
Event: 254.848 Thread 0x00007f81c9000800 Uncommon trap: reason=unhandled action=none pc=0x0000000112d4eed8 method=java.lang.Class.getMethod(Ljava/lang/String;[Ljava/lang/Class;)Ljava/lang/reflect/Method; @ 61
Event: 254.848 Thread 0x00007f81c9000800 Uncommon trap: reason=unhandled action=none pc=0x0000000112d4eed8 method=java.lang.Class.getMethod(Ljava/lang/String;[Ljava/lang/Class;)Ljava/lang/reflect/Method; @ 61
Event: 254.848 Thread 0x00007f81c9000800 Uncommon trap: reason=unhandled action=none pc=0x0000000112d4eed8 method=java.lang.Class.getMethod(Ljava/lang/String;[Ljava/lang/Class;)Ljava/lang/reflect/Method; @ 61
Event: 254.876 Thread 0x00007f81c9000800 Uncommon trap: reason=unhandled action=none pc=0x0000000112d4eed8 method=java.lang.Class.getMethod(Ljava/lang/String;[Ljava/lang/Class;)Ljava/lang/reflect/Method; @ 61
Event: 254.876 Thread 0x00007f81c9000800 Uncommon trap: reason=unhandled action=none pc=0x0000000112d4eed8 method=java.lang.Class.getMethod(Ljava/lang/String;[Ljava/lang/Class;)Ljava/lang/reflect/Method; @ 61
Event: 254.889 Thread 0x00007f81c9000800 Uncommon trap: reason=unhandled action=none pc=0x0000000112d4eed8 method=java.lang.Class.getMethod(Ljava/lang/String;[Ljava/lang/Class;)Ljava/lang/reflect/Method; @ 61
Event: 254.889 Thread 0x00007f81c9000800 Uncommon trap: reason=unhandled action=none pc=0x0000000112d4eed8 method=java.lang.Class.getMethod(Ljava/lang/String;[Ljava/lang/Class;)Ljava/lang/reflect/Method; @ 61
Event: 255.093 Thread 0x00007f81c9000800 Uncommon trap: reason=unhandled action=none pc=0x0000000112d4eed8 method=java.lang.Class.getMethod(Ljava/lang/String;[Ljava/lang/Class;)Ljava/lang/reflect/Method; @ 61

Classes redefined (2 events):
Event: 320.013 Thread 0x00007f81c982e000 redefined class name=softphone.cases.softPhoneFunctional.TaskEventCustomFields, count=1
Event: 667.469 Thread 0x00007f81c982e000 redefined class name=softphone.cases.softPhoneFunctional.TaskEventCustomFields, count=2

Internal exceptions (10 events):
Event: 250.879 Thread 0x00007f81c9000800 Exception <a 'java/net/SocketTimeoutException': Read timed out> (0x000000076cab1810) thrown at [/Users/java_re/workspace/8-2-build-macosx-x86_64/jdk8u211/12973/hotspot/src/share/vm/prims/jni.cpp, line 736]
Event: 251.396 Thread 0x00007f81c9000800 Exception <a 'java/net/SocketTimeoutException': Read timed out> (0x000000076cac0e08) thrown at [/Users/java_re/workspace/8-2-build-macosx-x86_64/jdk8u211/12973/hotspot/src/share/vm/prims/jni.cpp, line 736]
Event: 251.907 Thread 0x00007f81c9000800 Exception <a 'java/net/SocketTimeoutException': Read timed out> (0x000000076cad0400) thrown at [/Users/java_re/workspace/8-2-build-macosx-x86_64/jdk8u211/12973/hotspot/src/share/vm/prims/jni.cpp, line 736]
Event: 252.423 Thread 0x00007f81c9000800 Exception <a 'java/net/SocketTimeoutException': Read timed out> (0x000000076cadf9f8) thrown at [/Users/java_re/workspace/8-2-build-macosx-x86_64/jdk8u211/12973/hotspot/src/share/vm/prims/jni.cpp, line 736]
Event: 252.940 Thread 0x00007f81c9000800 Exception <a 'java/net/SocketTimeoutException': Read timed out> (0x000000076caeeff0) thrown at [/Users/java_re/workspace/8-2-build-macosx-x86_64/jdk8u211/12973/hotspot/src/share/vm/prims/jni.cpp, line 736]
Event: 253.457 Thread 0x00007f81c9000800 Exception <a 'java/net/SocketTimeoutException': Read timed out> (0x000000076cafe5e8) thrown at [/Users/java_re/workspace/8-2-build-macosx-x86_64/jdk8u211/12973/hotspot/src/share/vm/prims/jni.cpp, line 736]
Event: 253.973 Thread 0x00007f81c9000800 Exception <a 'java/net/SocketTimeoutException': Read timed out> (0x000000076cb0dbe0) thrown at [/Users/java_re/workspace/8-2-build-macosx-x86_64/jdk8u211/12973/hotspot/src/share/vm/prims/jni.cpp, line 736]
Event: 254.489 Thread 0x00007f81c9000800 Exception <a 'java/net/SocketTimeoutException': Read timed out> (0x000000076cb1d1d8) thrown at [/Users/java_re/workspace/8-2-build-macosx-x86_64/jdk8u211/12973/hotspot/src/share/vm/prims/jni.cpp, line 736]
Event: 254.851 Thread 0x00007f81c9000800 Exception <a 'java/net/SocketTimeoutException': Read timed out> (0x000000076ccedd00) thrown at [/Users/java_re/workspace/8-2-build-macosx-x86_64/jdk8u211/12973/hotspot/src/share/vm/prims/jni.cpp, line 736]
Event: 254.891 Thread 0x00007f81c9000800 Exception <a 'java/net/SocketTimeoutException': Read timed out> (0x000000076cd07c78) thrown at [/Users/java_re/workspace/8-2-build-macosx-x86_64/jdk8u211/12973/hotspot/src/share/vm/prims/jni.cpp, line 736]

Events (10 events):
Event: 667.469 Executing VM operation: RedefineClasses done
Event: 667.476 Executing VM operation: ChangeBreakpoints
Event: 667.477 Executing VM operation: ChangeBreakpoints done
Event: 667.483 Executing VM operation: ChangeBreakpoints
Event: 667.484 Executing VM operation: ChangeBreakpoints done
Event: 667.528 Executing VM operation: GetOwnedMonitorInfo
Event: 667.528 Executing VM operation: GetOwnedMonitorInfo done
Event: 667.528 Executing VM operation: GetCurrentContendedMonitor
Event: 667.528 Executing VM operation: GetCurrentContendedMonitor done
Event: 667.529 Executing VM operation: GetOrSetLocal


Dynamic libraries:
0x00007fff4f8a3000 	/System/Library/Frameworks/Cocoa.framework/Versions/A/Cocoa
0x00007fff5b646000 	/System/Library/Frameworks/Security.framework/Versions/A/Security
0x00007fff4e536000 	/System/Library/Frameworks/ApplicationServices.framework/Versions/A/ApplicationServices
0x00007fff7b738000 	/usr/lib/libz.1.dylib
0x00007fff79092000 	/usr/lib/libSystem.B.dylib
0x00007fff7a8c9000 	/usr/lib/libobjc.A.dylib
0x00007fff50118000 	/System/Library/Frameworks/CoreFoundation.framework/Versions/A/CoreFoundation
0x00007fff5239a000 	/System/Library/Frameworks/Foundation.framework/Versions/C/Foundation
0x00007fff4d72f000 	/System/Library/Frameworks/AppKit.framework/Versions/C/AppKit
0x00007fff4fca1000 	/System/Library/Frameworks/CoreData.framework/Versions/A/CoreData
0x00007fff72b58000 	/System/Library/PrivateFrameworks/RemoteViewServices.framework/Versions/A/RemoteViewServices
0x00007fff76dcf000 	/System/Library/PrivateFrameworks/UIFoundation.framework/Versions/A/UIFoundation
0x00007fff784b3000 	/System/Library/PrivateFrameworks/XCTTargetBootstrap.framework/Versions/A/XCTTargetBootstrap
0x00007fff50027000 	/System/Library/Frameworks/CoreDisplay.framework/Versions/A/CoreDisplay
0x00007fff6d88e000 	/System/Library/PrivateFrameworks/IconServices.framework/Versions/A/IconServices
0x00007fff54cbb000 	/System/Library/Frameworks/Metal.framework/Versions/A/Metal
0x00007fff64dd1000 	/System/Library/PrivateFrameworks/DesktopServicesPriv.framework/Versions/A/DesktopServicesPriv
0x00007fff79c2c000 	/usr/lib/libenergytrace.dylib
0x00007fff752b6000 	/System/Library/PrivateFrameworks/SkyLight.framework/Versions/A/SkyLight
0x00007fff5055e000 	/System/Library/Frameworks/CoreGraphics.framework/Versions/A/CoreGraphics
0x00007fff4c4fb000 	/System/Library/Frameworks/Accelerate.framework/Versions/A/Accelerate
0x00007fff52ae3000 	/System/Library/Frameworks/IOSurface.framework/Versions/A/IOSurface
0x00007fff64c3d000 	/System/Library/PrivateFrameworks/DFRFoundation.framework/Versions/A/DFRFoundation
0x00007fff4ea19000 	/System/Library/Frameworks/AudioToolbox.framework/Versions/A/AudioToolbox
0x00007fff4ec92000 	/System/Library/Frameworks/AudioUnit.framework/Versions/A/AudioUnit
0x00007fff64cd2000 	/System/Library/PrivateFrameworks/DataDetectorsCore.framework/Versions/A/DataDetectorsCore
0x00007fff4f3a6000 	/System/Library/Frameworks/Carbon.framework/Versions/A/Frameworks/HIToolbox.framework/Versions/A/HIToolbox
0x00007fff79d85000 	/usr/lib/libicucore.A.dylib
0x00007fff5abba000 	/System/Library/Frameworks/QuartzCore.framework/Versions/A/QuartzCore
0x00007fff4f77b000 	/System/Library/Frameworks/Carbon.framework/Versions/A/Frameworks/SpeechRecognition.framework/Versions/A/SpeechRecognition
0x00007fff791e6000 	/usr/lib/libauto.dylib
0x00007fff7b62c000 	/usr/lib/libxml2.2.dylib
0x00007fff64818000 	/System/Library/PrivateFrameworks/CoreUI.framework/Versions/A/CoreUI
0x00007fff4fb8c000 	/System/Library/Frameworks/CoreAudio.framework/Versions/A/CoreAudio
0x00007fff521cf000 	/System/Library/Frameworks/DiskArbitration.framework/Versions/A/DiskArbitration
0x00007fff7a033000 	/usr/lib/liblangid.dylib
0x00007fff6ec99000 	/System/Library/PrivateFrameworks/MultitouchSupport.framework/Versions/A/MultitouchSupport
0x00007fff52a52000 	/System/Library/Frameworks/IOKit.framework/Versions/A/IOKit
0x00007fff78c52000 	/usr/lib/libDiagnosticMessagesClient.dylib
0x00007fff5136d000 	/System/Library/Frameworks/CoreServices.framework/Versions/A/CoreServices
0x00007fff70953000 	/System/Library/PrivateFrameworks/PerformanceAnalysis.framework/Versions/A/PerformanceAnalysis
0x00007fff59da8000 	/System/Library/Frameworks/OpenGL.framework/Versions/A/OpenGL
0x00007fff4f8b1000 	/System/Library/Frameworks/ColorSync.framework/Versions/A/ColorSync
0x00007fff50bef000 	/System/Library/Frameworks/CoreImage.framework/Versions/A/CoreImage
0x00007fff51d45000 	/System/Library/Frameworks/CoreText.framework/Versions/A/CoreText
0x00007fff52b46000 	/System/Library/Frameworks/ImageIO.framework/Versions/A/ImageIO
0x00007fff60e6a000 	/System/Library/PrivateFrameworks/Backup.framework/Versions/A/Backup
0x00007fff79139000 	/usr/lib/libarchive.2.dylib
0x00007fff4efeb000 	/System/Library/Frameworks/CFNetwork.framework/Versions/A/CFNetwork
0x00007fff5bda2000 	/System/Library/Frameworks/SystemConfiguration.framework/Versions/A/SystemConfiguration
0x00007fff78b83000 	/usr/lib/libCRFSuite.dylib
0x00007fff792d5000 	/usr/lib/libc++.1.dylib
0x00007fff79329000 	/usr/lib/libc++abi.dylib
0x00007fff7bf2e000 	/usr/lib/system/libcache.dylib
0x00007fff7bf33000 	/usr/lib/system/libcommonCrypto.dylib
0x00007fff7bf3e000 	/usr/lib/system/libcompiler_rt.dylib
0x00007fff7bf46000 	/usr/lib/system/libcopyfile.dylib
0x00007fff7bf50000 	/usr/lib/system/libcorecrypto.dylib
0x00007fff7c05b000 	/usr/lib/system/libdispatch.dylib
0x00007fff7c095000 	/usr/lib/system/libdyld.dylib
0x00007fff7c0c2000 	/usr/lib/system/libkeymgr.dylib
0x00007fff7c0d0000 	/usr/lib/system/liblaunch.dylib
0x00007fff7c0d1000 	/usr/lib/system/libmacho.dylib
0x00007fff7c0d7000 	/usr/lib/system/libquarantine.dylib
0x00007fff7c0da000 	/usr/lib/system/libremovefile.dylib
0x00007fff7c0dc000 	/usr/lib/system/libsystem_asl.dylib
0x00007fff7c0f4000 	/usr/lib/system/libsystem_blocks.dylib
0x00007fff7c0f5000 	/usr/lib/system/libsystem_c.dylib
0x00007fff7c17d000 	/usr/lib/system/libsystem_configuration.dylib
0x00007fff7c181000 	/usr/lib/system/libsystem_coreservices.dylib
0x00007fff7c185000 	/usr/lib/system/libsystem_darwin.dylib
0x00007fff7c18c000 	/usr/lib/system/libsystem_dnssd.dylib
0x00007fff7c193000 	/usr/lib/system/libsystem_info.dylib
0x00007fff7c208000 	/usr/lib/system/libsystem_m.dylib
0x00007fff7c254000 	/usr/lib/system/libsystem_malloc.dylib
0x00007fff7c27f000 	/usr/lib/system/libsystem_networkextension.dylib
0x00007fff7c28a000 	/usr/lib/system/libsystem_notify.dylib
0x00007fff7c2a7000 	/usr/lib/system/libsystem_sandbox.dylib
0x00007fff7c2ab000 	/usr/lib/system/libsystem_secinit.dylib
0x00007fff7c1df000 	/usr/lib/system/libsystem_kernel.dylib
0x00007fff7c292000 	/usr/lib/system/libsystem_platform.dylib
0x00007fff7c29c000 	/usr/lib/system/libsystem_pthread.dylib
0x00007fff7c2ae000 	/usr/lib/system/libsystem_symptoms.dylib
0x00007fff7c2b6000 	/usr/lib/system/libsystem_trace.dylib
0x00007fff7c2cd000 	/usr/lib/system/libunwind.dylib
0x00007fff7c2d3000 	/usr/lib/system/libxpc.dylib
0x00007fff792b6000 	/usr/lib/libbsm.0.dylib
0x00007fff7c0c3000 	/usr/lib/system/libkxld.dylib
0x00007fff6025b000 	/System/Library/PrivateFrameworks/AppleFSCompression.framework/Versions/A/AppleFSCompression
0x00007fff78f52000 	/usr/lib/libOpenScriptingUtil.dylib
0x00007fff795de000 	/usr/lib/libcoretls.dylib
0x00007fff795f5000 	/usr/lib/libcoretls_cfhelpers.dylib
0x00007fff7b060000 	/usr/lib/libpam.2.dylib
0x00007fff7b220000 	/usr/lib/libsqlite3.dylib
0x00007fff7b61a000 	/usr/lib/libxar.1.dylib
0x00007fff792c7000 	/usr/lib/libbz2.1.0.dylib
0x00007fff7a035000 	/usr/lib/liblzma.5.dylib
0x00007fff7a4e6000 	/usr/lib/libnetwork.dylib
0x00007fff79122000 	/usr/lib/libapple_nghttp2.dylib
0x00007fff7b067000 	/usr/lib/libpcap.A.dylib
0x00007fff5170c000 	/System/Library/Frameworks/CoreServices.framework/Versions/A/Frameworks/FSEvents.framework/Versions/A/FSEvents
0x00007fff513eb000 	/System/Library/Frameworks/CoreServices.framework/Versions/A/Frameworks/CarbonCore.framework/Versions/A/CarbonCore
0x00007fff518c7000 	/System/Library/Frameworks/CoreServices.framework/Versions/A/Frameworks/Metadata.framework/Versions/A/Metadata
0x00007fff51966000 	/System/Library/Frameworks/CoreServices.framework/Versions/A/Frameworks/OSServices.framework/Versions/A/OSServices
0x00007fff519b1000 	/System/Library/Frameworks/CoreServices.framework/Versions/A/Frameworks/SearchKit.framework/Versions/A/SearchKit
0x00007fff5136e000 	/System/Library/Frameworks/CoreServices.framework/Versions/A/Frameworks/AE.framework/Versions/A/AE
0x00007fff51715000 	/System/Library/Frameworks/CoreServices.framework/Versions/A/Frameworks/LaunchServices.framework/Versions/A/LaunchServices
0x00007fff516c3000 	/System/Library/Frameworks/CoreServices.framework/Versions/A/Frameworks/DictionaryServices.framework/Versions/A/DictionaryServices
0x00007fff51a19000 	/System/Library/Frameworks/CoreServices.framework/Versions/A/Frameworks/SharedFileList.framework/Versions/A/SharedFileList
0x00007fff55d83000 	/System/Library/Frameworks/NetFS.framework/Versions/A/NetFS
0x00007fff6eeff000 	/System/Library/PrivateFrameworks/NetAuth.framework/Versions/A/NetAuth
0x00007fff788b7000 	/System/Library/PrivateFrameworks/login.framework/Versions/A/Frameworks/loginsupport.framework/Versions/A/loginsupport
0x00007fff769d8000 	/System/Library/PrivateFrameworks/TCC.framework/Versions/A/TCC
0x00007fff63e75000 	/System/Library/PrivateFrameworks/CoreNLP.framework/Versions/A/CoreNLP
0x00007fff6e994000 	/System/Library/PrivateFrameworks/MetadataUtilities.framework/Versions/A/MetadataUtilities
0x00007fff7a10a000 	/usr/lib/libmecabra.dylib
0x00007fff4e537000 	/System/Library/Frameworks/ApplicationServices.framework/Versions/A/Frameworks/ATS.framework/Versions/A/ATS
0x00007fff4e886000 	/System/Library/Frameworks/ApplicationServices.framework/Versions/A/Frameworks/ColorSyncLegacy.framework/Versions/A/ColorSyncLegacy
0x00007fff4e925000 	/System/Library/Frameworks/ApplicationServices.framework/Versions/A/Frameworks/HIServices.framework/Versions/A/HIServices
0x00007fff4e978000 	/System/Library/Frameworks/ApplicationServices.framework/Versions/A/Frameworks/LangAnalysis.framework/Versions/A/LangAnalysis
0x00007fff4e988000 	/System/Library/Frameworks/ApplicationServices.framework/Versions/A/Frameworks/PrintCore.framework/Versions/A/PrintCore
0x00007fff4e9d2000 	/System/Library/Frameworks/ApplicationServices.framework/Versions/A/Frameworks/QD.framework/Versions/A/QD
0x00007fff4ea0c000 	/System/Library/Frameworks/ApplicationServices.framework/Versions/A/Frameworks/SpeechSynthesis.framework/Versions/A/SpeechSynthesis
0x00007fff79351000 	/usr/lib/libcompression.dylib
0x00007fff54f8b000 	/System/Library/Frameworks/MetalPerformanceShaders.framework/Versions/A/MetalPerformanceShaders
0x00007fff4c513000 	/System/Library/Frameworks/Accelerate.framework/Versions/A/Frameworks/vImage.framework/Versions/A/vImage
0x00007fff4d58d000 	/System/Library/Frameworks/Accelerate.framework/Versions/A/Frameworks/vecLib.framework/Versions/A/vecLib
0x00007fff4d4d9000 	/System/Library/Frameworks/Accelerate.framework/Versions/A/Frameworks/vecLib.framework/Versions/A/libvMisc.dylib
0x00007fff4d2f1000 	/System/Library/Frameworks/Accelerate.framework/Versions/A/Frameworks/vecLib.framework/Versions/A/libvDSP.dylib
0x00007fff4cbad000 	/System/Library/Frameworks/Accelerate.framework/Versions/A/Frameworks/vecLib.framework/Versions/A/libBLAS.dylib
0x00007fff4ce9a000 	/System/Library/Frameworks/Accelerate.framework/Versions/A/Frameworks/vecLib.framework/Versions/A/libLAPACK.dylib
0x00007fff4d244000 	/System/Library/Frameworks/Accelerate.framework/Versions/A/Frameworks/vecLib.framework/Versions/A/libLinearAlgebra.dylib
0x00007fff4d2dd000 	/System/Library/Frameworks/Accelerate.framework/Versions/A/Frameworks/vecLib.framework/Versions/A/libSparseBLAS.dylib
0x00007fff4d25a000 	/System/Library/Frameworks/Accelerate.framework/Versions/A/Frameworks/vecLib.framework/Versions/A/libQuadrature.dylib
0x00007fff4ce27000 	/System/Library/Frameworks/Accelerate.framework/Versions/A/Frameworks/vecLib.framework/Versions/A/libBNNS.dylib
0x00007fff4d260000 	/System/Library/Frameworks/Accelerate.framework/Versions/A/Frameworks/vecLib.framework/Versions/A/libSparse.dylib
0x00007fff6b1c3000 	/System/Library/PrivateFrameworks/GPUWrangler.framework/Versions/A/GPUWrangler
0x00007fff6d4c3000 	/System/Library/PrivateFrameworks/IOAccelerator.framework/Versions/A/IOAccelerator
0x00007fff6d4ce000 	/System/Library/PrivateFrameworks/IOPresentment.framework/Versions/A/IOPresentment
0x00007fff64c4d000 	/System/Library/PrivateFrameworks/DSExternalDisplay.framework/Versions/A/DSExternalDisplay
0x00007fff591ff000 	/System/Library/Frameworks/OpenGL.framework/Versions/A/Libraries/libCoreFSCache.dylib
0x00007fff54d7f000 	/System/Library/Frameworks/MetalPerformanceShaders.framework/Frameworks/MPSCore.framework/Versions/A/MPSCore
0x00007fff54d9f000 	/System/Library/Frameworks/MetalPerformanceShaders.framework/Frameworks/MPSImage.framework/Versions/A/MPSImage
0x00007fff54e44000 	/System/Library/Frameworks/MetalPerformanceShaders.framework/Frameworks/MPSNeuralNetwork.framework/Versions/A/MPSNeuralNetwork
0x00007fff54e1c000 	/System/Library/Frameworks/MetalPerformanceShaders.framework/Frameworks/MPSMatrix.framework/Versions/A/MPSMatrix
0x00007fff54f70000 	/System/Library/Frameworks/MetalPerformanceShaders.framework/Frameworks/MPSRayIntersector.framework/Versions/A/MPSRayIntersector
0x00007fff6e9bd000 	/System/Library/PrivateFrameworks/MetalTools.framework/Versions/A/MetalTools
0x00007fff5fb05000 	/System/Library/PrivateFrameworks/AggregateDictionary.framework/Versions/A/AggregateDictionary
0x00007fff78f32000 	/usr/lib/libMobileGestalt.dylib
0x00007fff51ea8000 	/System/Library/Frameworks/CoreVideo.framework/Versions/A/CoreVideo
0x00007fff6bfd4000 	/System/Library/PrivateFrameworks/GraphVisualizer.framework/Versions/A/GraphVisualizer
0x00007fff65e53000 	/System/Library/PrivateFrameworks/FaceCore.framework/Versions/A/FaceCore
0x00007fff5882d000 	/System/Library/Frameworks/OpenCL.framework/Versions/A/OpenCL
0x00007fff78c8a000 	/usr/lib/libFosl_dynamic.dylib
0x00007fff6f76a000 	/System/Library/PrivateFrameworks/OTSVG.framework/Versions/A/OTSVG
0x00007fff4e63b000 	/System/Library/Frameworks/ApplicationServices.framework/Versions/A/Frameworks/ATS.framework/Versions/A/Resources/libFontParser.dylib
0x00007fff4e753000 	/System/Library/Frameworks/ApplicationServices.framework/Versions/A/Frameworks/ATS.framework/Versions/A/Resources/libFontRegistry.dylib
0x00007fff52db4000 	/System/Library/Frameworks/ImageIO.framework/Versions/A/Resources/libJPEG.dylib
0x00007fff530c6000 	/System/Library/Frameworks/ImageIO.framework/Versions/A/Resources/libTIFF.dylib
0x00007fff5309c000 	/System/Library/Frameworks/ImageIO.framework/Versions/A/Resources/libPng.dylib
0x00007fff52cd2000 	/System/Library/Frameworks/ImageIO.framework/Versions/A/Resources/libGIF.dylib
0x00007fff52cd7000 	/System/Library/Frameworks/ImageIO.framework/Versions/A/Resources/libJP2.dylib
0x00007fff530c3000 	/System/Library/Frameworks/ImageIO.framework/Versions/A/Resources/libRadiance.dylib
0x00007fff603b2000 	/System/Library/PrivateFrameworks/AppleJPEG.framework/Versions/A/AppleJPEG
0x00007fff5920a000 	/System/Library/Frameworks/OpenGL.framework/Versions/A/Libraries/libGFXShared.dylib
0x00007fff593cd000 	/System/Library/Frameworks/OpenGL.framework/Versions/A/Libraries/libGLU.dylib
0x00007fff59213000 	/System/Library/Frameworks/OpenGL.framework/Versions/A/Libraries/libGL.dylib
0x00007fff5921f000 	/System/Library/Frameworks/OpenGL.framework/Versions/A/Libraries/libGLImage.dylib
0x00007fff591fc000 	/System/Library/Frameworks/OpenGL.framework/Versions/A/Libraries/libCVMSPluginSupport.dylib
0x00007fff59205000 	/System/Library/Frameworks/OpenGL.framework/Versions/A/Libraries/libCoreVMClient.dylib
0x00007fff79aa2000 	/usr/lib/libcups.2.dylib
0x00007fff54286000 	/System/Library/Frameworks/Kerberos.framework/Versions/A/Kerberos
0x00007fff527b6000 	/System/Library/Frameworks/GSS.framework/Versions/A/GSS
0x00007fff7b1b5000 	/usr/lib/libresolv.9.dylib
0x00007fff79c94000 	/usr/lib/libiconv.2.dylib
0x00007fff6c149000 	/System/Library/PrivateFrameworks/Heimdal.framework/Versions/A/Heimdal
0x00007fff79c64000 	/usr/lib/libheimdal-asn1.dylib
0x00007fff588a1000 	/System/Library/Frameworks/OpenDirectory.framework/Versions/A/OpenDirectory
0x00007fff62bd8000 	/System/Library/PrivateFrameworks/CommonAuth.framework/Versions/A/CommonAuth
0x00007fff58885000 	/System/Library/Frameworks/OpenDirectory.framework/Versions/A/Frameworks/CFOpenDirectory.framework/Versions/A/CFOpenDirectory
0x00007fff5b947000 	/System/Library/Frameworks/SecurityFoundation.framework/Versions/A/SecurityFoundation
0x00007fff5f04b000 	/System/Library/PrivateFrameworks/APFS.framework/Versions/A/APFS
0x00007fff7b616000 	/usr/lib/libutil.dylib
0x00007fff7933f000 	/usr/lib/libcharset.1.dylib
0x00007fff6064f000 	/System/Library/PrivateFrameworks/AppleSauce.framework/Versions/A/AppleSauce
0x00007fff607d0000 	/System/Library/PrivateFrameworks/AssertionServices.framework/Versions/A/AssertionServices
0x00007fff60f00000 	/System/Library/PrivateFrameworks/BaseBoard.framework/Versions/A/BaseBoard
0x00007fff7a065000 	/usr/lib/libmecab.1.0.0.dylib
0x00007fff79c5e000 	/usr/lib/libgermantok.dylib
0x00007fff7910f000 	/usr/lib/libThaiTokenizer.dylib
0x00007fff78bba000 	/usr/lib/libChineseTokenizer.dylib
0x00007fff6db7b000 	/System/Library/PrivateFrameworks/LanguageModeling.framework/Versions/A/LanguageModeling
0x00007fff638ba000 	/System/Library/PrivateFrameworks/CoreEmoji.framework/Versions/A/CoreEmoji
0x00007fff6dc57000 	/System/Library/PrivateFrameworks/Lexicon.framework/Versions/A/Lexicon
0x00007fff6dc9a000 	/System/Library/PrivateFrameworks/LinguisticData.framework/Versions/A/LinguisticData
0x00007fff79340000 	/usr/lib/libcmph.dylib
0x00007fff5ba05000 	/System/Library/Frameworks/ServiceManagement.framework/Versions/A/ServiceManagement
0x00007fff60e61000 	/System/Library/PrivateFrameworks/BackgroundTaskManagement.framework/Versions/A/BackgroundTaskManagement
0x00007fff7b70f000 	/usr/lib/libxslt.1.dylib
0x00007fff4f6a8000 	/System/Library/Frameworks/Carbon.framework/Versions/A/Frameworks/Ink.framework/Versions/A/Ink
0x00007fff76c4a000 	/System/Library/PrivateFrameworks/TextureIO.framework/Versions/A/TextureIO
0x00007fff79163000 	/usr/lib/libate.dylib
0x00007fff64b9c000 	/System/Library/PrivateFrameworks/CrashReporterSupport.framework/Versions/A/CrashReporterSupport
0x00007fff74384000 	/System/Library/PrivateFrameworks/Sharing.framework/Versions/A/Sharing
0x00007fff60bb3000 	/System/Library/PrivateFrameworks/AuthKit.framework/Versions/A/AuthKit
0x00007fff60107000 	/System/Library/PrivateFrameworks/Apple80211.framework/Versions/A/Apple80211
0x00007fff64944000 	/System/Library/PrivateFrameworks/CoreUtils.framework/Versions/A/CoreUtils
0x00007fff51ee9000 	/System/Library/Frameworks/CoreWLAN.framework/Versions/A/CoreWLAN
0x00007fff528e5000 	/System/Library/Frameworks/IOBluetooth.framework/Versions/A/IOBluetooth
0x00007fff727f4000 	/System/Library/PrivateFrameworks/ProtocolBuffer.framework/Versions/A/ProtocolBuffer
0x00007fff6ebf5000 	/System/Library/PrivateFrameworks/MobileKeyBag.framework/Versions/A/MobileKeyBag
0x00007fff64188000 	/System/Library/PrivateFrameworks/CorePhoneNumbers.framework/Versions/A/CorePhoneNumbers
0x00007fff60366000 	/System/Library/PrivateFrameworks/AppleIDAuthSupport.framework/Versions/A/AppleIDAuthSupport
0x00007fff6db4e000 	/System/Library/PrivateFrameworks/KeychainCircle.framework/Versions/A/KeychainCircle
0x00007fff729aa000 	/System/Library/PrivateFrameworks/ROCKit.framework/Versions/A/ROCKit
0x00007fff64b38000 	/System/Library/PrivateFrameworks/CoreWiFi.framework/Versions/A/CoreWiFi
0x00007fff4fc76000 	/System/Library/Frameworks/CoreBluetooth.framework/Versions/A/CoreBluetooth
0x00007fff64d93000 	/System/Library/PrivateFrameworks/DebugSymbols.framework/Versions/A/DebugSymbols
0x00007fff64704000 	/System/Library/PrivateFrameworks/CoreSymbolication.framework/Versions/A/CoreSymbolication
0x00007fff76465000 	/System/Library/PrivateFrameworks/Symbolication.framework/Versions/A/Symbolication
0x00007fff75d08000 	/System/Library/PrivateFrameworks/SpeechRecognitionCore.framework/Versions/A/SpeechRecognitionCore
0x000000010e200000 	/Library/Java/JavaVirtualMachines/jdk1.8.0_211.jdk/Contents/Home/jre/lib/server/libjvm.dylib
0x00007fff7b4f1000 	/usr/lib/libstdc++.6.dylib
0x000000010d014000 	/Library/Java/JavaVirtualMachines/jdk1.8.0_211.jdk/Contents/Home/jre/lib/libverify.dylib
0x000000010d022000 	/Library/Java/JavaVirtualMachines/jdk1.8.0_211.jdk/Contents/Home/jre/lib/libjava.dylib
0x000000010d059000 	/Library/Java/JavaVirtualMachines/jdk1.8.0_211.jdk/Contents/Home/jre/lib/libjdwp.dylib
0x000000010d0a4000 	/Library/Java/JavaVirtualMachines/jdk1.8.0_211.jdk/Contents/Home/jre/lib/libnpt.dylib
0x000000010d0f1000 	/Library/Java/JavaVirtualMachines/jdk1.8.0_211.jdk/Contents/Home/jre/lib/libzip.dylib
0x000000012a280000 	/Library/Java/JavaVirtualMachines/jdk1.8.0_211.jdk/Contents/Home/jre/lib/libdt_socket.dylib
0x000000012a47f000 	/Library/Java/JavaVirtualMachines/jdk1.8.0_211.jdk/Contents/Home/jre/lib/libnet.dylib
0x000000012a42f000 	/Library/Java/JavaVirtualMachines/jdk1.8.0_211.jdk/Contents/Home/jre/lib/libnio.dylib
0x000000012a43f000 	/Library/Java/JavaVirtualMachines/jdk1.8.0_211.jdk/Contents/Home/jre/lib/libsunec.dylib

VM Arguments:
jvm_args: -agentlib:jdwp=transport=dt_socket,suspend=y,address=localhost:59117 -ea -ea -ea -ea -Dfile.encoding=UTF-8 
java_command: org.testng.remote.RemoteTestNG -serport 59116 -protocol json -d /Users/admin/git/qa/test-output /var/folders/5f/817mbvns5f71lqmzy4mpdrkh0000gn/T/testng-eclipse--256859656/testng-customsuite.xml
java_class_path (initial): /Applications/Eclipse.app/Contents/Eclipse/plugins/org.testng.eclipse_6.9.12.201607091356/lib/testng-remote.jar:/Library/Java/JavaVirtualMachines/jdk1.8.0_211.jdk/Contents/Home/jre/lib/resources.jar:/Library/Java/JavaVirtualMachines/jdk1.8.0_211.jdk/Contents/Home/jre/lib/rt.jar:/Library/Java/JavaVirtualMachines/jdk1.8.0_211.jdk/Contents/Home/jre/lib/jsse.jar:/Library/Java/JavaVirtualMachines/jdk1.8.0_211.jdk/Contents/Home/jre/lib/jce.jar:/Library/Java/JavaVirtualMachines/jdk1.8.0_211.jdk/Contents/Home/jre/lib/charsets.jar:/Library/Java/JavaVirtualMachines/jdk1.8.0_211.jdk/Contents/Home/jre/lib/jfr.jar:/Library/Java/JavaVirtualMachines/jdk1.8.0_211.jdk/Contents/Home/jre/lib/ext/sunec.jar:/Library/Java/JavaVirtualMachines/jdk1.8.0_211.jdk/Contents/Home/jre/lib/ext/nashorn.jar:/Library/Java/JavaVirtualMachines/jdk1.8.0_211.jdk/Contents/Home/jre/lib/ext/cldrdata.jar:/Library/Java/JavaVirtualMachines/jdk1.8.0_211.jdk/Contents/Home/jre/lib/ext/jfxrt.jar:/Library/Java/JavaVirtualMachines/jdk1.8.0_211.jdk/Contents/Home/jre/lib/ext/dnsns.jar:/Library/Java/JavaVirtualMachines/jdk1.8.0_211.jdk/Contents/Home/jre/lib/ext/localedata.jar:/Library/Java/JavaVirtualMachines/jdk1.8.0_211.jdk/Contents/Home/jre/lib/ext/sunjce_provider.jar:/Library/Java/JavaVirtualMachines/jdk1.8.0_211.jdk/Contents/Home/jre/lib/ext/sunpkcs11.jar:/Library/Java/JavaVirtualMachines/jdk1.8.0_211.jdk/Contents/Home/jre/lib/ext/jaccess.jar:/Library/Java/JavaVirtualMachines/jdk1.8.0_211.jdk/Contents/Home/jre/lib/ext/zipfs.jar:/System/Library/Java/Extensions/MRJToolkit.jar:/Users/admin/git/qa/target/test-classes:/Users/admin/.m2/repository/org/testng/testng/6.10/testng-6.10.jar:/Users/admin/.m2/repository/com/beust/jcommander/1.48/jcommander-1.48.jar:/Users/admin/.m2/repository/commons-io/commons-io/1.3.2/commons-io-1.3.2.jar:/Users/admin/.m2/repository/org/seleniumhq/selenium/selenium-java/3.9.1/selenium-java-3.9.1.jar:/Users/admin/.m2/repository/org/seleniumhq/selenium/selenium-api/
Launcher Type: SUN_STANDARD

Environment Variables:
PATH=/usr/bin:/bin:/usr/sbin:/sbin
SHELL=/bin/bash

Signal Handlers:
SIGSEGV: [libjvm.dylib+0x5b71a7], sa_mask[0]=11111111011111110111111111111111, sa_flags=SA_ONSTACK|SA_RESTART|SA_SIGINFO
SIGBUS: [libjvm.dylib+0x5b71a7], sa_mask[0]=11111111011111110111111111111111, sa_flags=SA_RESTART|SA_SIGINFO
SIGFPE: [libjvm.dylib+0x48c8fc], sa_mask[0]=11111111011111110111111111111111, sa_flags=SA_RESTART|SA_SIGINFO
SIGPIPE: [libjvm.dylib+0x48c8fc], sa_mask[0]=11111111011111110111111111111111, sa_flags=SA_RESTART|SA_SIGINFO
SIGXFSZ: [libjvm.dylib+0x48c8fc], sa_mask[0]=11111111011111110111111111111111, sa_flags=SA_RESTART|SA_SIGINFO
SIGILL: [libjvm.dylib+0x48c8fc], sa_mask[0]=11111111011111110111111111111111, sa_flags=SA_RESTART|SA_SIGINFO
SIGUSR1: SIG_DFL, sa_mask[0]=00000000000000000000000000000000, sa_flags=none
SIGUSR2: [libjvm.dylib+0x48c41a], sa_mask[0]=00100000000000000000000000000000, sa_flags=SA_RESTART|SA_SIGINFO
SIGHUP: [libjvm.dylib+0x48a9a5], sa_mask[0]=11111111011111110111111111111111, sa_flags=SA_RESTART|SA_SIGINFO
SIGINT: [libjvm.dylib+0x48a9a5], sa_mask[0]=11111111011111110111111111111111, sa_flags=SA_RESTART|SA_SIGINFO
SIGTERM: [libjvm.dylib+0x48a9a5], sa_mask[0]=11111111011111110111111111111111, sa_flags=SA_RESTART|SA_SIGINFO
SIGQUIT: [libjvm.dylib+0x48a9a5], sa_mask[0]=11111111011111110111111111111111, sa_flags=SA_RESTART|SA_SIGINFO


---------------  S Y S T E M  ---------------

OS:Bsduname:Darwin 18.7.0 Darwin Kernel Version 18.7.0: Tue Aug 20 16:57:14 PDT 2019; root:xnu-4903.271.2~2/RELEASE_X86_64 x86_64
rlimit: STACK 8192k, CORE 0k, NPROC 1418, NOFILE 10240, AS infinity
load average:2.92 2.59 2.58

CPU:total 8 (initial active 8) (4 cores per cpu, 2 threads per core) family 6 model 70 stepping 1, cmov, cx8, fxsr, mmx, sse, sse2, sse3, ssse3, sse4.1, sse4.2, popcnt, avx, avx2, aes, clmul, erms, lzcnt, ht, tsc, tscinvbit, bmi1, bmi2

Memory: 4k page, physical 16777216k(2159676k free)

/proc/meminfo:


vm_info: Java HotSpot(TM) 64-Bit Server VM (25.211-b12) for bsd-amd64 JRE (1.8.0_211-b12), built on Apr  1 2019 20:53:18 by "java_re" with gcc 4.2.1 (Based on Apple Inc. build 5658) (LLVM build 2336.11.00)

time: Wed Sep 25 13:11:38 2019
timezone: IST
elapsed time: 667 seconds (0d 0h 11m 7s)

